<?xml version="1.0" encoding="UTF-8"?>
<!-- Generated by org.testng.reporters.JUnitXMLReporter -->
<testsuite hostname="DESKTOP-C3IEI47" name="Majesco Assessment Test Cases" tests="2" failures="0" timestamp="28 Jul 2021 04:41:00 GMT" time="52.639" errors="0">
  <testcase name="getKey" time="11.957" classname="com.qa.testcases.MajescoPracticalTest1"/>
  <testcase name="validateAboutMajescoLinkText" time="18.414" classname="com.qa.testcases.MajescoPracticalTest2"/>
</testsuite> <!-- Majesco Assessment Test Cases -->
