<?xml version="1.0" encoding="UTF-8"?>
<!-- Generated by org.testng.reporters.JUnitXMLReporter -->
<testsuite hostname="IN-MH1DSW101045" name="Default test" tests="3" failures="0" timestamp="31 Jan 2018 12:27:23 GMT" time="112.4" errors="0">
  <testcase name="validateCreateNewContact" time="5.747" classname="com.crm.qa.testcases.ContactsPageTest"/>
  <testcase name="validateCreateNewContact" time="6.66" classname="com.crm.qa.testcases.ContactsPageTest"/>
  <testcase name="validateCreateNewContact" time="5.923" classname="com.crm.qa.testcases.ContactsPageTest"/>
</testsuite> <!-- Default test -->
