<?xml version="1.0" encoding="UTF-8"?>
<testng-results skipped="0" failed="0" total="2" passed="2">
  <reporter-output>
  </reporter-output>
  <suite name="Majesco Assessment" duration-ms="52639" started-at="2021-07-28T04:40:07Z" finished-at="2021-07-28T04:41:00Z">
    <groups>
    </groups>
    <test name="Majesco Assessment Test Cases" duration-ms="52639" started-at="2021-07-28T04:40:07Z" finished-at="2021-07-28T04:41:00Z">
      <class name="com.qa.testcases.MajescoPracticalTest2">
        <test-method status="PASS" signature="setUp()[pri:0, instance:com.qa.testcases.MajescoPracticalTest2@57855c9a]" name="setUp" is-config="true" duration-ms="19349" started-at="2021-07-28T10:10:19Z" finished-at="2021-07-28T10:10:39Z">
          <reporter-output>
          </reporter-output>
        </test-method> <!-- setUp -->
        <test-method status="PASS" signature="validateAboutMajescoLinkText()[pri:0, instance:com.qa.testcases.MajescoPracticalTest2@57855c9a]" name="validateAboutMajescoLinkText" duration-ms="18414" started-at="2021-07-28T10:10:39Z" finished-at="2021-07-28T10:10:57Z">
          <reporter-output>
          </reporter-output>
        </test-method> <!-- validateAboutMajescoLinkText -->
        <test-method status="PASS" signature="tearDown()[pri:0, instance:com.qa.testcases.MajescoPracticalTest2@57855c9a]" name="tearDown" is-config="true" duration-ms="2882" started-at="2021-07-28T10:10:57Z" finished-at="2021-07-28T10:11:00Z">
          <reporter-output>
          </reporter-output>
        </test-method> <!-- tearDown -->
      </class> <!-- com.qa.testcases.MajescoPracticalTest2 -->
      <class name="com.qa.testcases.MajescoPracticalTest1">
        <test-method status="PASS" signature="getKey()[pri:0, instance:com.qa.testcases.MajescoPracticalTest1@6c49835d]" name="getKey" duration-ms="11957" started-at="2021-07-28T10:10:07Z" finished-at="2021-07-28T10:10:19Z">
          <reporter-output>
          </reporter-output>
        </test-method> <!-- getKey -->
      </class> <!-- com.qa.testcases.MajescoPracticalTest1 -->
    </test> <!-- Majesco Assessment Test Cases -->
  </suite> <!-- Majesco Assessment -->
</testng-results>
